<?xml version="1.0" encoding="utf-8"?><testsuites name="pytest tests"><testsuite name="pytest" errors="0" failures="0" skipped="1" tests="90" time="1.258" timestamp="2026-09-20T08:06:42.396672+00:00" hostname="localhost"><testcase classname="tests.test_backend" name="test_payload_timestamps_usage_and_no_secret_logs" time="0.029" /><testcase classname="tests.test_backend" name="test_opt_in_required_before_billing" time="0.001" /><testcase classname="tests.test_backend" name="test_retry_is_charged_separately" time="0.253" /><testcase classname="tests.test_backend" name="test_no_silent_retry_on_schema_rejection" time="0.002" /><testcase classname="tests.test_backend" name="test_timeout_billing_uncertain_not_free" time="0.002" /><testcase classname="tests.test_backend" name="test_exact_concurrent_requests_share_one_attempt" time="0.022" /><testcase classname="tests.test_backend" name="test_different_timestamps_do_not_reuse_semantic_answer" time="0.002" /><testcase classname="tests.test_backend" name="test_missing_usage_remains_estimated" time="0.002" /><testcase classname="tests.test_backend" name="test_atomic_budget_reservation" time="0.001" /><testcase classname="tests.test_backend" name="test_unknown_prices_cannot_pass_dollar_budget" time="0.001" /><testcase classname="tests.test_backend" name="test_malformed_json_is_not_a_successful_tool_result" time="0.002" /><testcase classname="tests.test_backend" name="test_truncated_output_rejected" time="0.002" /><testcase classname="tests.test_backend" name="test_invalid_usage_stays_provisional_not_free[usage0]" time="0.002" /><testcase classname="tests.test_backend" name="test_invalid_usage_stays_provisional_not_free[usage1]" time="0.001" /><testcase classname="tests.test_backend" name="test_invalid_usage_stays_provisional_not_free[usage2]" time="0.001" /><testcase classname="tests.test_backend" name="test_invalid_usage_stays_provisional_not_free[usage3]" time="0.001" /><testcase classname="tests.test_backend" name="test_invalid_usage_stays_provisional_not_free[usage4]" time="0.001" /><testcase classname="tests.test_backend" name="test_invalid_reservation_rejected[-1]" time="0.001" /><testcase classname="tests.test_backend" name="test_invalid_reservation_rejected[nan]" time="0.001" /><testcase classname="tests.test_backend" name="test_invalid_reservation_rejected[inf]" time="0.001" /><testcase classname="tests.test_benchmark_adapters" name="test_videomme_splits_answer_key_from_task" time="0.001" /><testcase classname="tests.test_benchmark_adapters" name="test_videomme_requires_rights_acknowledgment" time="0.001" /><testcase classname="tests.test_benchmark_adapters" name="test_videomme_export_official_shape" time="0.001" /><testcase classname="tests.test_benchmark_adapters" name="test_videomme_rejects_path_escape" time="0.001" /><testcase classname="tests.test_metrics" name="test_duplicate_alert_is_false_positive" time="0.001" /><testcase classname="tests.test_metrics" name="test_early_alarm_cannot_match_future_event" time="0.001" /><testcase classname="tests.test_metrics" name="test_overlap_uses_maximum_cardinality" time="0.001" /><testcase classname="tests.test_metrics" name="test_missing_qa_prediction_counts_as_wrong" time="0.001" /><testcase classname="tests.test_metrics" name="test_mcq_parser_refuses_ambiguous_prose" time="0.000" /><testcase classname="tests.test_metrics" name="test_pareto_ignores_missing_cost" time="0.000" /><testcase classname="tests.test_replay" name="test_complete_synthetic_watch_then_investigate" time="0.175" /><testcase classname="tests.test_replay" name="test_archive_has_no_eager_caption_pass" time="0.107" /><testcase classname="tests.test_replay" name="test_realtime_has_explicit_clock_and_no_false_gpu_measurement" time="0.035" /><testcase classname="tests.test_replay" name="test_ffmpeg_prepare_with_pts" time="0.153" /><testcase classname="tests.test_replay" name="test_pyav_prepare_optional" time="0.001"><skipped type="pytest.skip" message="Optional PyAV package not available in this build environment">/mnt/data/streambudget/tests/test_replay.py:59: Optional PyAV package not available in this build environment</skipped></testcase><testcase classname="tests.test_runtime" name="test_dwell_and_duplicate_suppression" time="0.001" /><testcase classname="tests.test_runtime" name="test_unknown_and_stale_gaps_break_dwell" time="0.000" /><testcase classname="tests.test_runtime" name="test_old_jobs_cannot_rewind_state" time="0.000" /><testcase classname="tests.test_runtime" name="test_multiple_watches_share_visual_call" time="0.007" /><testcase classname="tests.test_runtime" name="test_stale_frame_is_not_reinterpreted_as_new_timer_evidence" time="0.006" /><testcase classname="tests.test_runtime" name="test_sensor_rule_requires_no_llm" time="0.004" /><testcase classname="tests.test_runtime" name="test_future_query_is_refused" time="0.003" /><testcase classname="tests.test_runtime" name="test_inspect_uses_only_snapshot_frames" time="0.007" /><testcase classname="tests.test_runtime" name="test_search_and_inspect_agent_loop" time="0.013" /><testcase classname="tests.test_runtime" name="test_compaction_preserves_source_provenance" time="0.006" /><testcase classname="tests.test_runtime" name="test_cancel_watch" time="0.003" /><testcase classname="tests.test_runtime" name="test_new_watch_does_not_claim_past_monitoring" time="0.003" /><testcase classname="tests.test_runtime" name="test_motion_baseline_does_not_inherit_adaptive_timer_rechecks" time="0.006" /><testcase classname="tests.test_scheduler" name="test_exact_coalescing_and_one_execution" time="0.012" /><testcase classname="tests.test_scheduler" name="test_bounded_queue_no_hidden_growth" time="0.001" /><testcase classname="tests.test_scheduler" name="test_priority_order" time="0.001" /><testcase classname="tests.test_scheduler" name="test_expired_job_is_not_executed" time="0.022" /><testcase classname="tests.test_scheduler" name="test_worker_recovers_from_exception" time="0.002" /><testcase classname="tests.test_scheduler" name="test_concurrency_limit" time="0.044" /><testcase classname="tests.test_server_adapters" name="test_server_auth_and_frame_route" time="0.160" /><testcase classname="tests.test_server_adapters" name="test_server_requires_explicit_security_choice" time="0.001" /><testcase classname="tests.test_server_adapters" name="test_streamarena_does_not_expose_future_reference_time" time="0.003" /><testcase classname="tests.test_specialists" name="test_embeddings_http_and_metering" time="0.003" /><testcase classname="tests.test_specialists" name="test_asr_wav_and_duration_price" time="0.003" /><testcase classname="tests.test_store" name="test_bad_times[-1]" time="0.000" /><testcase classname="tests.test_store" name="test_bad_times[nan]" time="0.000" /><testcase classname="tests.test_store" name="test_bad_times[inf]" time="0.000" /><testcase classname="tests.test_store" name="test_bad_times[True]" time="0.000" /><testcase classname="tests.test_store" name="test_late_arrival_does_not_rewrite_frozen_snapshot" time="0.002" /><testcase classname="tests.test_store" name="test_availability_time_enforced_even_when_capture_is_old" time="0.002" /><testcase classname="tests.test_store" name="test_future_summary_lineage_cannot_be_backdated" time="0.003" /><testcase classname="tests.test_store" name="test_historical_materialization_is_allowed_from_old_inputs" time="0.002" /><testcase classname="tests.test_store" name="test_future_parent_is_refused_before_derivation" time="0.002" /><testcase classname="tests.test_store" name="test_parentless_derived_data_refused" time="0.002" /><testcase classname="tests.test_store" name="test_ids_are_immutable_and_idempotent" time="0.002" /><testcase classname="tests.test_store" name="test_search_does_not_change_when_future_corpus_changes" time="0.006" /><testcase classname="tests.test_store" name="test_search_filters_future_before_topk" time="0.004" /><testcase classname="tests.test_store" name="test_embedding_similarity_and_fingerprint" time="0.002" /><testcase classname="tests.test_store" name="test_dimensions_and_finite_embeddings" time="0.002" /><testcase classname="tests.test_store" name="test_interval_overlap_and_boundaries" time="0.002" /><testcase classname="tests.test_store" name="test_namespace_isolation" time="0.002" /><testcase classname="tests.test_store" name="test_sql_and_fts_injection_is_data" time="0.002" /><testcase classname="tests.test_tools_media_config" name="test_unsafe_endpoint_rejected[file:///etc/passwd]" time="0.000" /><testcase classname="tests.test_tools_media_config" name="test_unsafe_endpoint_rejected[ftp://a]" time="0.000" /><testcase classname="tests.test_tools_media_config" name="test_unsafe_endpoint_rejected[https://u:p@example.com/v1]" time="0.000" /><testcase classname="tests.test_tools_media_config" name="test_unsafe_endpoint_rejected[http://remote.invalid/v1]" time="0.000" /><testcase classname="tests.test_tools_media_config" name="test_extra_body_cannot_replace_messages" time="0.000" /><testcase classname="tests.test_tools_media_config" name="test_label_fields_not_accepted_as_runtime_tasks" time="0.000" /><testcase classname="tests.test_tools_media_config" name="test_input_schema_does_not_accept_reference_answer" time="0.000" /><testcase classname="tests.test_tools_media_config" name="test_media_path_traversal_refused" time="0.001" /><testcase classname="tests.test_tools_media_config" name="test_invalid_image_rejected" time="0.020" /><testcase classname="tests.test_tools_media_config" name="test_duplicate_images_share_storage_but_not_event_time" time="0.002" /><testcase classname="tests.test_tools_media_config" name="test_tile_change_detects_small_region" time="0.003" /><testcase classname="tests.test_tools_media_config" name="test_signal_mapping_explicit_units" time="0.000" /><testcase classname="tests.test_tools_media_config" name="test_unresolved_env_fails" time="0.002" /></testsuite></testsuites>